<?xml version="1.0" encoding="UTF-8"?>
<testng-results ignored="0" total="1" passed="1" failed="0" skipped="0">
  <reporter-output>
  </reporter-output>
  <suite started-at="2024-02-14T20:48:34 BDT" name="Command line suite" finished-at="2024-02-14T20:49:27 BDT" duration-ms="53191">
    <groups>
    </groups>
    <test started-at="2024-02-14T20:48:34 BDT" name="Command line test" finished-at="2024-02-14T20:49:27 BDT" duration-ms="53191">
      <class name="testcases.TestScript">
        <test-method is-config="true" signature="setup()[pri:0, instance:testcases.TestScript@f001896]" started-at="2024-02-14T20:48:34 BDT" name="setup" finished-at="2024-02-14T20:48:36 BDT" duration-ms="2001" status="PASS">
          <reporter-output>
          </reporter-output>
        </test-method> <!-- setup -->
        <test-method signature="Product_Purchase_E2E_Test()[pri:0, instance:testcases.TestScript@f001896]" started-at="2024-02-14T20:48:36 BDT" name="Product_Purchase_E2E_Test" finished-at="2024-02-14T20:49:27 BDT" duration-ms="51002" status="PASS">
          <reporter-output>
          </reporter-output>
        </test-method> <!-- Product_Purchase_E2E_Test -->
        <test-method is-config="true" signature="teardown()[pri:0, instance:testcases.TestScript@f001896]" started-at="2024-02-14T20:49:27 BDT" name="teardown" finished-at="2024-02-14T20:49:27 BDT" duration-ms="32" status="PASS">
          <reporter-output>
          </reporter-output>
        </test-method> <!-- teardown -->
      </class> <!-- testcases.TestScript -->
    </test> <!-- Command line test -->
  </suite> <!-- Command line suite -->
</testng-results>
